<?xml version="1.0" encoding="UTF-8"?>
<TestRun id="a9fee63f-5910-474b-993d-32d2c27c71b3" name="M@PC 2014-06-25 00:18:32" runUser="PC\M" xmlns="http://microsoft.com/schemas/VisualStudio/TeamTest/2010">
  <TestSettings name="Local" id="25d95d92-a3da-429b-ba8b-37332bbdc706">
    <Description>These are default test settings for a local test run.</Description>
    <Deployment enabled="false" runDeploymentRoot="M_PC 2014-06-25 00_18_32" />
    <Execution>
      <TestTypeSpecific />
      <AgentRule name="Execution Agents">
      </AgentRule>
    </Execution>
  </TestSettings>
  <Times creation="2014-06-25T00:18:32.4515359+01:00" queuing="2014-06-25T00:18:32.5685426+01:00" start="2014-06-25T00:18:32.5985443+01:00" finish="2014-06-25T00:18:33.1065733+01:00" />
  <ResultSummary outcome="Completed">
    <Counters total="1" executed="1" passed="1" error="0" failed="0" timeout="0" aborted="0" inconclusive="0" passedButRunAborted="0" notRunnable="0" notExecuted="0" disconnected="0" warning="0" completed="0" inProgress="0" pending="0" />
  </ResultSummary>
  <TestDefinitions>
    <UnitTest name="TestGetMean" storage="c:\users\administrator\workspace\numberparseetl\parsenumberetl\testmath\bin\debug\testmath.dll" id="6e9b59fe-e71a-eb04-8128-83cce582bb40">
      <Execution id="9899e786-bea7-48f5-a64b-e46e7dfa9f7c" />
      <TestMethod codeBase="C:/Users/Administrator/workspace/numberparseETL/parseNumberETL/TestMath/bin/Debug/TestMath.DLL" adapterTypeName="Microsoft.VisualStudio.TestTools.TestTypes.Unit.UnitTestAdapter, Microsoft.VisualStudio.QualityTools.Tips.UnitTest.Adapter, Version=10.0.0.0, Culture=neutral, PublicKeyToken=b03f5f7f11d50a3a" className="TestMath.MathTest, TestMath, Version=1.0.0.0, Culture=neutral, PublicKeyToken=null" name="TestGetMean" />
    </UnitTest>
  </TestDefinitions>
  <TestLists>
    <TestList name="Results Not in a List" id="8c84fa94-04c1-424b-9868-57a2d4851a1d" />
    <TestList name="All Loaded Results" id="19431567-8539-422a-85d7-44ee4e166bda" />
  </TestLists>
  <TestEntries>
    <TestEntry testId="6e9b59fe-e71a-eb04-8128-83cce582bb40" executionId="9899e786-bea7-48f5-a64b-e46e7dfa9f7c" testListId="8c84fa94-04c1-424b-9868-57a2d4851a1d" />
  </TestEntries>
  <Results>
    <UnitTestResult executionId="9899e786-bea7-48f5-a64b-e46e7dfa9f7c" testId="6e9b59fe-e71a-eb04-8128-83cce582bb40" testName="TestGetMean" computerName="PC" duration="00:00:00.0299094" startTime="2014-06-25T00:18:32.5955441+01:00" endTime="2014-06-25T00:18:33.0805719+01:00" testType="13cdc9d9-ddb5-4fa4-a97d-d965ccfc6d4b" outcome="Passed" testListId="8c84fa94-04c1-424b-9868-57a2d4851a1d" relativeResultsDirectory="9899e786-bea7-48f5-a64b-e46e7dfa9f7c">
      <Output>
        <StdOut>44.918618616285714285714285714</StdOut>
      </Output>
    </UnitTestResult>
  </Results>
</TestRun>