<?xml version="1.0" encoding="UTF-8"?>
<TestRun id="d63d871b-0afa-48f4-b9ea-ddd7b9805bc3" name="M@PC 2014-06-24 00:33:58" runUser="PC\M" xmlns="http://microsoft.com/schemas/VisualStudio/TeamTest/2010">
  <TestSettings name="Local" id="c2526078-338b-419d-95f2-c912c15ea549">
    <Description>These are default test settings for a local test run.</Description>
    <Deployment enabled="false" runDeploymentRoot="M_PC 2014-06-24 00_33_58">
      <DeploymentItem filename="C:\Users\Administrator\workspace\numberparseETL\parseNumberETL\parseNumberETL\bin\Debug\parseNumberETL.exe" />
    </Deployment>
    <Execution>
      <TestTypeSpecific />
      <AgentRule name="Execution Agents">
      </AgentRule>
    </Execution>
  </TestSettings>
  <Times creation="2014-06-24T00:33:58.7787214+01:00" queuing="2014-06-24T00:34:03.3209812+01:00" start="2014-06-24T00:34:03.5709955+01:00" finish="2014-06-24T00:34:19.5329085+01:00" />
  <ResultSummary outcome="Failed">
    <Counters total="1" executed="1" error="0" failed="1" timeout="0" aborted="0" inconclusive="0" passedButRunAborted="0" notRunnable="0" notExecuted="0" disconnected="0" warning="0" passed="0" completed="0" inProgress="0" pending="0" />
  </ResultSummary>
  <TestDefinitions>
    <UnitTest name="TestCheckExist" storage="c:\users\administrator\workspace\numberparseetl\parsenumberetl\testfileread\bin\debug\testfileread.dll" id="674c46f6-3981-3b11-376f-b609ba4ad2ad">
      <Execution id="b9eae9b8-db53-428a-84a9-0fc5e7b7d1e5" />
      <TestMethod codeBase="C:/Users/Administrator/workspace/numberparseETL/parseNumberETL/TestFileRead/bin/Debug/TestFileRead.DLL" adapterTypeName="Microsoft.VisualStudio.TestTools.TestTypes.Unit.UnitTestAdapter, Microsoft.VisualStudio.QualityTools.Tips.UnitTest.Adapter, Version=10.0.0.0, Culture=neutral, PublicKeyToken=b03f5f7f11d50a3a" className="TestFileRead.TestFileRead, TestFileRead, Version=1.0.0.0, Culture=neutral, PublicKeyToken=null" name="TestCheckExist" />
    </UnitTest>
  </TestDefinitions>
  <TestLists>
    <TestList name="Results Not in a List" id="8c84fa94-04c1-424b-9868-57a2d4851a1d" />
    <TestList name="All Loaded Results" id="19431567-8539-422a-85d7-44ee4e166bda" />
  </TestLists>
  <TestEntries>
    <TestEntry testId="674c46f6-3981-3b11-376f-b609ba4ad2ad" executionId="b9eae9b8-db53-428a-84a9-0fc5e7b7d1e5" testListId="8c84fa94-04c1-424b-9868-57a2d4851a1d" />
  </TestEntries>
  <Results>
    <UnitTestResult executionId="b9eae9b8-db53-428a-84a9-0fc5e7b7d1e5" testId="674c46f6-3981-3b11-376f-b609ba4ad2ad" testName="TestCheckExist" computerName="PC" duration="00:00:11.7816427" startTime="2014-06-24T00:34:03.8120093+01:00" endTime="2014-06-24T00:34:19.4269024+01:00" testType="13cdc9d9-ddb5-4fa4-a97d-d965ccfc6d4b" outcome="Failed" testListId="8c84fa94-04c1-424b-9868-57a2d4851a1d" relativeResultsDirectory="b9eae9b8-db53-428a-84a9-0fc5e7b7d1e5">
      <Output>
        <ErrorInfo>
          <Message>Assert.AreEqual failed. Expected:&lt;True&gt;. Actual:&lt;False&gt;. </Message>
          <StackTrace>   at TestFileRead.TestFileRead.TestCheckExist() in C:\Users\Administrator\workspace\numberparseETL\parseNumberETL\TestFileRead\TestFileRead.cs:line 21
</StackTrace>
        </ErrorInfo>
      </Output>
    </UnitTestResult>
  </Results>
</TestRun>