<?xml version="1.0" encoding="UTF-8"?>
<TestRun id="c33b3632-e58d-4621-9c5f-dc09aa88cbd4" name="M@PC 2014-06-25 02:26:41" runUser="PC\M" xmlns="http://microsoft.com/schemas/VisualStudio/TeamTest/2010">
  <TestSettings name="Local" id="25d95d92-a3da-429b-ba8b-37332bbdc706">
    <Description>These are default test settings for a local test run.</Description>
    <Deployment enabled="false" runDeploymentRoot="M_PC 2014-06-25 02_26_41">
      <DeploymentItem filename="C:\Users\Administrator\workspace\numberparseETL\parseNumberETL\parseNumberETL\bin\Debug\parseNumberETL.exe" />
    </Deployment>
    <Execution>
      <TestTypeSpecific />
      <AgentRule name="Execution Agents">
      </AgentRule>
    </Execution>
  </TestSettings>
  <Times creation="2014-06-25T02:26:41.4743228+01:00" queuing="2014-06-25T02:26:41.6043303+01:00" start="2014-06-25T02:26:41.6143308+01:00" finish="2014-06-25T02:26:42.1903638+01:00" />
  <ResultSummary outcome="Completed">
    <Counters total="1" executed="1" passed="1" error="0" failed="0" timeout="0" aborted="0" inconclusive="0" passedButRunAborted="0" notRunnable="0" notExecuted="0" disconnected="0" warning="0" completed="0" inProgress="0" pending="0" />
  </ResultSummary>
  <TestDefinitions>
    <UnitTest name="TestGetMean" storage="c:\users\administrator\workspace\numberparseetl\parsenumberetl\testmath\bin\debug\testmath.dll" id="6e9b59fe-e71a-eb04-8128-83cce582bb40">
      <Execution id="fb423cdb-7acd-4919-a2be-f1cb56b939af" />
      <TestMethod codeBase="C:/Users/Administrator/workspace/numberparseETL/parseNumberETL/TestMath/bin/Debug/TestMath.DLL" adapterTypeName="Microsoft.VisualStudio.TestTools.TestTypes.Unit.UnitTestAdapter, Microsoft.VisualStudio.QualityTools.Tips.UnitTest.Adapter, Version=10.0.0.0, Culture=neutral, PublicKeyToken=b03f5f7f11d50a3a" className="TestMath.MathTest, TestMath, Version=1.0.0.0, Culture=neutral, PublicKeyToken=null" name="TestGetMean" />
    </UnitTest>
  </TestDefinitions>
  <TestLists>
    <TestList name="Results Not in a List" id="8c84fa94-04c1-424b-9868-57a2d4851a1d" />
    <TestList name="All Loaded Results" id="19431567-8539-422a-85d7-44ee4e166bda" />
  </TestLists>
  <TestEntries>
    <TestEntry testId="6e9b59fe-e71a-eb04-8128-83cce582bb40" executionId="fb423cdb-7acd-4919-a2be-f1cb56b939af" testListId="8c84fa94-04c1-424b-9868-57a2d4851a1d" />
  </TestEntries>
  <Results>
    <UnitTestResult executionId="fb423cdb-7acd-4919-a2be-f1cb56b939af" testId="6e9b59fe-e71a-eb04-8128-83cce582bb40" testName="TestGetMean" computerName="PC" duration="00:00:00.0779998" startTime="2014-06-25T02:26:41.6183311+01:00" endTime="2014-06-25T02:26:42.1563618+01:00" testType="13cdc9d9-ddb5-4fa4-a97d-d965ccfc6d4b" outcome="Passed" testListId="8c84fa94-04c1-424b-9868-57a2d4851a1d" relativeResultsDirectory="fb423cdb-7acd-4919-a2be-f1cb56b939af">
    </UnitTestResult>
  </Results>
</TestRun>