<?xml version="1.0" encoding="UTF-8"?>
<TestRun id="2d3e24d1-8cb4-49ef-8740-c32ab04d3570" name="M@PC 2014-06-25 00:24:02" runUser="PC\M" xmlns="http://microsoft.com/schemas/VisualStudio/TeamTest/2010">
  <TestSettings name="Local" id="25d95d92-a3da-429b-ba8b-37332bbdc706">
    <Description>These are default test settings for a local test run.</Description>
    <Deployment enabled="false" runDeploymentRoot="M_PC 2014-06-25 00_24_02" />
    <Execution>
      <TestTypeSpecific />
      <AgentRule name="Execution Agents">
      </AgentRule>
    </Execution>
  </TestSettings>
  <Times creation="2014-06-25T00:24:02.8724349+01:00" queuing="2014-06-25T00:24:02.9854413+01:00" start="2014-06-25T00:24:02.9934418+01:00" finish="2014-06-25T00:24:03.5604742+01:00" />
  <ResultSummary outcome="Completed">
    <Counters total="1" executed="1" passed="1" error="0" failed="0" timeout="0" aborted="0" inconclusive="0" passedButRunAborted="0" notRunnable="0" notExecuted="0" disconnected="0" warning="0" completed="0" inProgress="0" pending="0" />
  </ResultSummary>
  <TestDefinitions>
    <UnitTest name="TestGetMean" storage="c:\users\administrator\workspace\numberparseetl\parsenumberetl\testmath\bin\debug\testmath.dll" id="6e9b59fe-e71a-eb04-8128-83cce582bb40">
      <Execution id="ada046b1-8101-4ea2-b233-9521bc6cffc9" />
      <TestMethod codeBase="C:/Users/Administrator/workspace/numberparseETL/parseNumberETL/TestMath/bin/Debug/TestMath.DLL" adapterTypeName="Microsoft.VisualStudio.TestTools.TestTypes.Unit.UnitTestAdapter, Microsoft.VisualStudio.QualityTools.Tips.UnitTest.Adapter, Version=10.0.0.0, Culture=neutral, PublicKeyToken=b03f5f7f11d50a3a" className="TestMath.MathTest, TestMath, Version=1.0.0.0, Culture=neutral, PublicKeyToken=null" name="TestGetMean" />
    </UnitTest>
  </TestDefinitions>
  <TestLists>
    <TestList name="Results Not in a List" id="8c84fa94-04c1-424b-9868-57a2d4851a1d" />
    <TestList name="All Loaded Results" id="19431567-8539-422a-85d7-44ee4e166bda" />
  </TestLists>
  <TestEntries>
    <TestEntry testId="6e9b59fe-e71a-eb04-8128-83cce582bb40" executionId="ada046b1-8101-4ea2-b233-9521bc6cffc9" testListId="8c84fa94-04c1-424b-9868-57a2d4851a1d" />
  </TestEntries>
  <Results>
    <UnitTestResult executionId="ada046b1-8101-4ea2-b233-9521bc6cffc9" testId="6e9b59fe-e71a-eb04-8128-83cce582bb40" testName="TestGetMean" computerName="PC" duration="00:00:00.0943003" startTime="2014-06-25T00:24:02.9984421+01:00" endTime="2014-06-25T00:24:03.5164717+01:00" testType="13cdc9d9-ddb5-4fa4-a97d-d965ccfc6d4b" outcome="Passed" testListId="8c84fa94-04c1-424b-9868-57a2d4851a1d" relativeResultsDirectory="ada046b1-8101-4ea2-b233-9521bc6cffc9">
    </UnitTestResult>
  </Results>
</TestRun>