<?xml version="1.0" encoding="UTF-8"?>
<TestRun id="ead4b4bf-4265-4a53-a1b0-cb0adcf991bf" name="M@PC 2014-06-25 02:10:55" runUser="PC\M" xmlns="http://microsoft.com/schemas/VisualStudio/TeamTest/2010">
  <TestSettings name="Local" id="25d95d92-a3da-429b-ba8b-37332bbdc706">
    <Description>These are default test settings for a local test run.</Description>
    <Deployment enabled="false" runDeploymentRoot="M_PC 2014-06-25 02_10_55" />
    <Execution>
      <TestTypeSpecific />
      <AgentRule name="Execution Agents">
      </AgentRule>
    </Execution>
  </TestSettings>
  <Times creation="2014-06-25T02:10:55.3882098+01:00" queuing="2014-06-25T02:10:55.5022163+01:00" start="2014-06-25T02:10:55.5152171+01:00" finish="2014-06-25T02:10:56.1092510+01:00" />
  <ResultSummary outcome="Completed">
    <Counters total="1" executed="1" passed="1" error="0" failed="0" timeout="0" aborted="0" inconclusive="0" passedButRunAborted="0" notRunnable="0" notExecuted="0" disconnected="0" warning="0" completed="0" inProgress="0" pending="0" />
  </ResultSummary>
  <TestDefinitions>
    <UnitTest name="TestGetDistribution" storage="c:\users\administrator\workspace\numberparseetl\parsenumberetl\testmath\bin\debug\testmath.dll" id="3da1bb25-357c-0941-e9bc-5d454de018c3">
      <Execution id="07425e0c-fe09-48e5-98eb-8e63c356a73b" />
      <TestMethod codeBase="C:/Users/Administrator/workspace/numberparseETL/parseNumberETL/TestMath/bin/Debug/TestMath.DLL" adapterTypeName="Microsoft.VisualStudio.TestTools.TestTypes.Unit.UnitTestAdapter, Microsoft.VisualStudio.QualityTools.Tips.UnitTest.Adapter, Version=10.0.0.0, Culture=neutral, PublicKeyToken=b03f5f7f11d50a3a" className="TestMath.MathTest, TestMath, Version=1.0.0.0, Culture=neutral, PublicKeyToken=null" name="TestGetDistribution" />
    </UnitTest>
  </TestDefinitions>
  <TestLists>
    <TestList name="Results Not in a List" id="8c84fa94-04c1-424b-9868-57a2d4851a1d" />
    <TestList name="All Loaded Results" id="19431567-8539-422a-85d7-44ee4e166bda" />
  </TestLists>
  <TestEntries>
    <TestEntry testId="3da1bb25-357c-0941-e9bc-5d454de018c3" executionId="07425e0c-fe09-48e5-98eb-8e63c356a73b" testListId="8c84fa94-04c1-424b-9868-57a2d4851a1d" />
  </TestEntries>
  <Results>
    <UnitTestResult executionId="07425e0c-fe09-48e5-98eb-8e63c356a73b" testId="3da1bb25-357c-0941-e9bc-5d454de018c3" testName="TestGetDistribution" computerName="PC" duration="00:00:00.0947585" startTime="2014-06-25T02:10:55.5202174+01:00" endTime="2014-06-25T02:10:56.0772492+01:00" testType="13cdc9d9-ddb5-4fa4-a97d-d965ccfc6d4b" outcome="Passed" testListId="8c84fa94-04c1-424b-9868-57a2d4851a1d" relativeResultsDirectory="07425e0c-fe09-48e5-98eb-8e63c356a73b">
    </UnitTestResult>
  </Results>
</TestRun>